<?xml version="1.0" encoding="UTF-8"?>
<testng-results skipped="0" failed="0" ignored="0" total="1" passed="1">
  <reporter-output>
    <line>
      <![CDATA[<div id='messageValidation' style='background-color: silver; color: black; font-size: xx-small; border: silver 2px solid; padding: 5px;'><table><tr><td style='width:85px;'>Validation</td><td>:</td><td id='message'>Extent-Report Directory [already exists]: D:\Telus\git\RCMS_Demo1\Automation-TestAuto-OE-PS-RCMS-API\target\extent-reports</td></tr></table></div><br/><br/>]]>
    </line>
    <line>
      <![CDATA[<div id='messageValidation' style='background-color: silver; color: black; font-size: xx-small; border: silver 2px solid; padding: 5px;'><table><tr><td style='width:85px;'>Validation</td><td>:</td><td id='message'>Extent-Report Directory [already exists]: D:\Telus\git\RCMS_Demo1\Automation-TestAuto-OE-PS-RCMS-API\target\extent-reports</td></tr></table></div><br/><br/>]]>
    </line>
    <line>
      <![CDATA[<div id='messageValidation' style='background-color: silver; color: black; font-size: xx-small; border: silver 2px solid; padding: 5px;'><table><tr><td style='width:85px;'>Validation</td><td>:</td><td id='message'>ExtentReport Path for WINDOWS: D:\Telus\git\RCMS_Demo1\Automation-TestAuto-OE-PS-RCMS-API\target\extent-reports
</td></tr></table></div><br/><br/>]]>
    </line>
    <line>
      <![CDATA[<div id='messageValidation' style='background-color: silver; color: black; font-size: xx-small; border: silver 2px solid; padding: 5px;'><table><tr><td style='width:85px;'>Validation</td><td>:</td><td id='message'>TestListener.createNewTestReport</td></tr></table></div><br/><br/>]]>
    </line>
    <line>
      <![CDATA[<div id='messageValidation' style='background-color: silver; color: black; font-size: xx-small; border: silver 2px solid; padding: 5px;'><table><tr><td style='width:85px;'>Validation</td><td>:</td><td id='message'>GROUP_REPORT tag property :  true</td></tr></table></div><br/><br/>]]>
    </line>
    <line>
      <![CDATA[<div id='messageValidation' style='background-color: silver; color: black; font-size: xx-small; border: silver 2px solid; padding: 5px;'><table><tr><td style='width:85px;'>Validation</td><td>:</td><td id='message'>TestListener.onTestStart</td></tr></table></div><br/><br/>]]>
    </line>
    <line>
      <![CDATA[<div id='messageValidation' style='background-color: silver; color: black; font-size: xx-small; border: silver 2px solid; padding: 5px;'><table><tr><td style='width:85px;'>Validation</td><td>:</td><td id='message'>Automation Configuration - Environment Configured for Automation Execution [PT168]</td></tr></table></div><br/><br/>]]>
    </line>
    <line>
      <![CDATA[<div id='messageValidation' style='background-color: silver; color: black; font-size: xx-small; border: silver 2px solid; padding: 5px;'><table><tr><td style='width:85px;'>Validation</td><td>:</td><td id='message'>Test Case Name : [TC14_Koodo_TAB_S]</td></tr></table></div><br/><br/>]]>
    </line>
    <line>
      <![CDATA[<div id='messageValidation' style='background-color: silver; color: black; font-size: xx-small; border: silver 2px solid; padding: 5px;'><table><tr><td style='width:85px;'>Validation</td><td>:</td><td id='message'>Test Case Description : [The purpose of this test case is to verify "TC14_Koodo_TAB_S" workflow]</td></tr></table></div><br/><br/>]]>
    </line>
    <line>
      <![CDATA[<div id='messageValidation' style='background-color: silver; color: black; font-size: xx-small; border: silver 2px solid; padding: 5px;'><table><tr><td style='width:85px;'>Validation</td><td>:</td><td id='message'>STEP ===== > OAuth2 API Call</td></tr></table></div><br/><br/>]]>
    </line>
    <line>
      <![CDATA[<div id='messageValidation' style='background-color: silver; color: black; font-size: xx-small; border: silver 2px solid; padding: 5px;'><table><tr><td style='width:85px;'>Validation</td><td>:</td><td id='message'>API Operation status: 200</td></tr></table></div><br/><br/>]]>
    </line>
    <line>
      <![CDATA[<div id='messageValidation' style='background-color: silver; color: black; font-size: xx-small; border: silver 2px solid; padding: 5px;'><table><tr><td style='width:85px;'>Validation</td><td>:</td><td id='message'>ACCESS_TOKEN FOR VIOLATION SERVICE: eyJhbGciOiJSUzI1NiIsImtpZCI6ImNhZGZhMTYyLTU2YzEtNGRiOS1hNjNmLTYwZTM3NzIwMWJkZiIsInBpLmF0bSI6IjMifQ.eyJzY29wZSI6WyIxMjciLCIxOTE0Il0sImNsaWVudF9pZCI6ImJlYWIyNjljLWU2MTgtNDE5Yy04NjBiLTc1ODVmMzE4MGQ0OCIsImlzcyI6Imh0dHBzOi8vdGVhbXNzby1pdHMwNC50ZWx1cy5jb20iLCJhdWQiOiJrb25nIiwiaWF0IjoxNjU5OTk0NjQ4LCJleHAiOjE2NTk5OTQ5NDh9.HqQBHMxcvm60WiexBM0cmx1_140juOMwAUXCu1-H6jASUqq785uk9Mq_7mOSBwGilLXAlJ4sTE1N3r9HXJUcJevBXJxJUfcybUouJxVsfI9kI2lNvCNe-YwxCdEiikzP8VvSWegTTo1cg4V5NLWZquN4wUkBb70yIw7ZzYwcSlfFRS6BzpNC9shGf5sjeqMUTv6ZT9WPmBaOyDnJirLNdWlvL-VjEUeM_1WAdT2KnJMgo0T9gjEfbcjnkoIGGPIPH6C0AlV2Xvr1es2uQrKWsHK1CLeJ4nYcpbX7sPp_M8ALHQGe9BnYkPZ2bXeYeXfOaANuEuReFdRIslcAJWvM5Q</td></tr></table></div><br/><br/>]]>
    </line>
    <line>
      <![CDATA[<div id='messageValidation' style='background-color: silver; color: black; font-size: xx-small; border: silver 2px solid; padding: 5px;'><table><tr><td style='width:85px;'>Validation</td><td>:</td><td id='message'>API Test Env is : [it01]</td></tr></table></div><br/><br/>]]>
    </line>
    <line>
      <![CDATA[<div id='messageValidation' style='background-color: silver; color: black; font-size: xx-small; border: silver 2px solid; padding: 5px;'><table><tr><td style='width:85px;'>Validation</td><td>:</td><td id='message'>------------CR DB connected successfully------------</td></tr></table></div><br/><br/>]]>
    </line>
    <line>
      <![CDATA[<div id='messageValidation' style='background-color: silver; color: black; font-size: xx-small; border: silver 2px solid; padding: 5px;'><table><tr><td style='width:85px;'>Validation</td><td>:</td><td id='message'>Exisiting Subscription ID is : [8385182]</td></tr></table></div><br/><br/>]]>
    </line>
    <line>
      <![CDATA[<div id='messageValidation' style='background-color: silver; color: black; font-size: xx-small; border: silver 2px solid; padding: 5px;'><table><tr><td style='width:85px;'>Validation</td><td>:</td><td id='message'>API Test Env is : [it01]</td></tr></table></div><br/><br/>]]>
    </line>
    <line>
      <![CDATA[<div id='messageValidation' style='background-color: silver; color: black; font-size: xx-small; border: silver 2px solid; padding: 5px;'><table><tr><td style='width:85px;'>Validation</td><td>:</td><td id='message'>API Operation status: 201</td></tr></table></div><br/><br/>]]>
    </line>
    <line>
      <![CDATA[<div id='messageValidation' style='background-color: silver; color: black; font-size: xx-small; border: silver 2px solid; padding: 5px;'><table><tr><td style='width:85px;'>Validation</td><td>:</td><td id='message'>API Operation Request: {href=940a450d-c3ca-4439-bea9-60b89679ca5a, date=2022-08-08T17:37:33-0400, sla={id=Termination}, violation={referenceValue=TLC, consequence=[{"type":"Charge","characteristic":[{"name":"adjustmentAmt","value":"0.0"}],"billingCode":"TABBCA","billingReversalCode":"ATABCA","loyaltyType":"TAB","amount":239.35,"typeCode":"TABDB"}], comment=[{"locale":"EN_CA","description":"Tab repayment charge"},{"locale":"FR_CA","description":"Remboursement de la Balance"}]}, relatedParty=[{"id":"8385182","role":"SUBSCRIPTION"}]}</td></tr></table></div><br/><br/>]]>
    </line>
    <line>
      <![CDATA[<div id='messageValidation' style='background-color: silver; color: black; font-size: xx-small; border: silver 2px solid; padding: 5px;'><table><tr><td style='width:85px;'>Validation</td><td>:</td><td id='message'>------------DB connected successfully------------</td></tr></table></div><br/><br/>]]>
    </line>
    <line>
      <![CDATA[<div id='messageValidation' style='background-color: silver; color: black; font-size: xx-small; border: silver 2px solid; padding: 5px;'><table><tr><td style='width:85px;'>Validation</td><td>:</td><td id='message'>Pretty Payload: {href:940a450d-c3ca-4439-bea9-60b89679ca5a, date:2022-08-08T17:37:33-0400, sla:{id:Termination}, violation:{referenceValue:TLC, consequence:[{"type":"Charge","characteristic":[{"name":"adjustmentAmt","value":"0.0"}],"billingCode":"TABBCA","billingReversalCode":"ATABCA","loyaltyType":"TAB","amount":239.35,"typeCode":"TABDB"}], comment:[{"locale":"EN_CA","description":"Tab repayment charge"},{"locale":"FR_CA","description":"Remboursement de la Balance"}]}, relatedParty:[{"id":"8385182","role":"SUBSCRIPTION"}]}</td></tr></table></div><br/><br/>]]>
    </line>
    <line>
      <![CDATA[<div id='messageValidation' style='background-color: silver; color: black; font-size: xx-small; border: silver 2px solid; padding: 5px;'><table><tr><td style='width:85px;'>Validation</td><td>:</td><td id='message'>Expected Value is : not null , Actual Value From HREF is: [940a450d-c3ca-4439-bea9-60b89679ca5a], VALIDATION : [SUCCESSFUL]</td></tr></table></div><br/><br/>]]>
    </line>
    <line>
      <![CDATA[<div id='messageValidation' style='background-color: silver; color: black; font-size: xx-small; border: silver 2px solid; padding: 5px;'><table><tr><td style='width:85px;'>Validation</td><td>:</td><td id='message'>Expected Value is: [Termination], Actual Value for - SLAID is: [Termination], VALIDATION : [SUCCESSFUL]</td></tr></table></div><br/><br/>]]>
    </line>
    <line>
      <![CDATA[<div id='messageValidation' style='background-color: silver; color: black; font-size: xx-small; border: silver 2px solid; padding: 5px;'><table><tr><td style='width:85px;'>Validation</td><td>:</td><td id='message'>Expected Value is: [2022-08-08], Actual Value From DB Column - DATE is: [2022-08-08], VALIDATION : [SUCCESSFUL]</td></tr></table></div><br/><br/>]]>
    </line>
    <line>
      <![CDATA[<div id='messageValidation' style='background-color: silver; color: black; font-size: xx-small; border: silver 2px solid; padding: 5px;'><table><tr><td style='width:85px;'>Validation</td><td>:</td><td id='message'>---Consequence Item No =1 : TAB</td></tr></table></div><br/><br/>]]>
    </line>
    <line>
      <![CDATA[<div id='messageValidation' style='background-color: silver; color: black; font-size: xx-small; border: silver 2px solid; padding: 5px;'><table><tr><td style='width:85px;'>Validation</td><td>:</td><td id='message'>Expected Value is : not null , Actual Value From VIOLATION_REF_VALUE is: [TLC], VALIDATION : [SUCCESSFUL]</td></tr></table></div><br/><br/>]]>
    </line>
    <line>
      <![CDATA[<div id='messageValidation' style='background-color: silver; color: black; font-size: xx-small; border: silver 2px solid; padding: 5px;'><table><tr><td style='width:85px;'>Validation</td><td>:</td><td id='message'>Expected Value is: [Charge], Actual Value for - TYPE is: [Charge], VALIDATION : [SUCCESSFUL]</td></tr></table></div><br/><br/>]]>
    </line>
    <line>
      <![CDATA[<div id='messageValidation' style='background-color: silver; color: black; font-size: xx-small; border: silver 2px solid; padding: 5px;'><table><tr><td style='width:85px;'>Validation</td><td>:</td><td id='message'>Expected Value is: [0], Actual Value for - ADJUSTMENT_AMT is: [0], VALIDATION : [SUCCESSFUL]</td></tr></table></div><br/><br/>]]>
    </line>
    <line>
      <![CDATA[<div id='messageValidation' style='background-color: silver; color: black; font-size: xx-small; border: silver 2px solid; padding: 5px;'><table><tr><td style='width:85px;'>Validation</td><td>:</td><td id='message'>Expected Value is: [TABBCA], Actual Value for - BILLING CODE is: [TABBCA], VALIDATION : [SUCCESSFUL]</td></tr></table></div><br/><br/>]]>
    </line>
    <line>
      <![CDATA[<div id='messageValidation' style='background-color: silver; color: black; font-size: xx-small; border: silver 2px solid; padding: 5px;'><table><tr><td style='width:85px;'>Validation</td><td>:</td><td id='message'>Expected Value is: [ATABCA], Actual Value for - BILLING REVERSAL CODE is: [ATABCA], VALIDATION : [SUCCESSFUL]</td></tr></table></div><br/><br/>]]>
    </line>
    <line>
      <![CDATA[<div id='messageValidation' style='background-color: silver; color: black; font-size: xx-small; border: silver 2px solid; padding: 5px;'><table><tr><td style='width:85px;'>Validation</td><td>:</td><td id='message'>Expected Value is: [TABDB], Actual Value for - TYPE CODE is: [TABDB], VALIDATION : [SUCCESSFUL]</td></tr></table></div><br/><br/>]]>
    </line>
    <line>
      <![CDATA[<div id='messageValidation' style='background-color: silver; color: black; font-size: xx-small; border: silver 2px solid; padding: 5px;'><table><tr><td style='width:85px;'>Validation</td><td>:</td><td id='message'>Expected Value is: [EN_CA], Actual Value for - COMMENT_0 is: [EN_CA], VALIDATION : [SUCCESSFUL]</td></tr></table></div><br/><br/>]]>
    </line>
    <line>
      <![CDATA[<div id='messageValidation' style='background-color: silver; color: black; font-size: xx-small; border: silver 2px solid; padding: 5px;'><table><tr><td style='width:85px;'>Validation</td><td>:</td><td id='message'>Expected Value is: [FR_CA], Actual Value for - COMMENT_1 is: [FR_CA], VALIDATION : [SUCCESSFUL]</td></tr></table></div><br/><br/>]]>
    </line>
    <line>
      <![CDATA[<div id='messageValidation' style='background-color: silver; color: black; font-size: xx-small; border: silver 2px solid; padding: 5px;'><table><tr><td style='width:85px;'>Validation</td><td>:</td><td id='message'>--------------------DB Validation Completed--------------------</td></tr></table></div><br/><br/>]]>
    </line>
    <line>
      <![CDATA[<div id='messageValidation' style='background-color: silver; color: black; font-size: xx-small; border: silver 2px solid; padding: 5px;'><table><tr><td style='width:85px;'>Validation</td><td>:</td><td id='message'>TestListener.onTestSuccess</td></tr></table></div><br/><br/>]]>
    </line>
    <line>
      <![CDATA[<div id='messageValidation' style='background-color: silver; color: black; font-size: xx-small; border: silver 2px solid; padding: 5px;'><table><tr><td style='width:85px;'>Validation</td><td>:</td><td id='message'>JIRA - Skipping Jira Update as Toggle it's false</td></tr></table></div><br/><br/>]]>
    </line>
    <line>
      <![CDATA[<div id='messageValidation' style='background-color: silver; color: black; font-size: xx-small; border: silver 2px solid; padding: 5px;'><table><tr><td style='width:85px;'>Validation</td><td>:</td><td id='message'>DB Disconnected successfully</td></tr></table></div><br/><br/>]]>
    </line>
    <line>
      <![CDATA[<div id='messageValidation' style='background-color: silver; color: black; font-size: xx-small; border: silver 2px solid; padding: 5px;'><table><tr><td style='width:85px;'>Validation</td><td>:</td><td id='message'>closeTheBrowser</td></tr></table></div><br/><br/>]]>
    </line>
    <line>
      <![CDATA[<div id='messageValidation' style='background-color: silver; color: black; font-size: xx-small; border: silver 2px solid; padding: 5px;'><table><tr><td style='width:85px;'>Validation</td><td>:</td><td id='message'>Browser to be utilized: CHROME</td></tr></table></div><br/><br/>]]>
    </line>
    <line>
      <![CDATA[<div id='messageValidation' style='background-color: silver; color: black; font-size: xx-small; border: silver 2px solid; padding: 5px;'><table><tr><td style='width:85px;'>Validation</td><td>:</td><td id='message'>
BROWSER will use the OPTIONS profile: P_ACCEPT_BEHAVIORS_AND_CERTIFICATES</td></tr></table></div><br/><br/>]]>
    </line>
    <line>
      <![CDATA[<div id='messageValidation' style='background-color: silver; color: black; font-size: xx-small; border: silver 2px solid; padding: 5px;'><table><tr><td style='width:85px;'>Validation</td><td>:</td><td id='message'>INFO! The Driver settings are loaded using the LATEST Strategy</td></tr></table></div><br/><br/>]]>
    </line>
    <line>
      <![CDATA[<div id='messageValidation' style='background-color: silver; color: black; font-size: xx-small; border: silver 2px solid; padding: 5px;'><table><tr><td style='width:85px;'>Validation</td><td>:</td><td id='message'>webDriver - Session ID saved to MAP</td></tr></table></div><br/><br/>]]>
    </line>
    <line>
      <![CDATA[<div id='messageValidation' style='background-color: silver; color: black; font-size: xx-small; border: silver 2px solid; padding: 5px;'><table><tr><td style='width:85px;'>Validation</td><td>:</td><td id='message'>WebDriver - Session ID removed from MAP-Calling_From-WebDriverSteps.removeThreatIdFromMap</td></tr></table></div><br/><br/>]]>
    </line>
  </reporter-output>
  <suite name="Default suite" duration-ms="17331" started-at="2022-08-09T03:05:05 IST" finished-at="2022-08-09T03:05:23 IST">
    <groups>
      <group name="getTerminationPenlty">
        <method signature="TC14_Koodo_TAB_S.testMethod_getTerminationPenalty(org.testng.ITestContext)[pri:0, instance:com.telus.rcms.tests.getTerminationPenalty.TC14_Koodo_TAB_S@588df31b]" name="testMethod_getTerminationPenalty" class="com.telus.rcms.tests.getTerminationPenalty.TC14_Koodo_TAB_S"/>
      </group> <!-- getTerminationPenlty -->
      <group name="CompleteRegressionSuite">
        <method signature="TC14_Koodo_TAB_S.testMethod_getTerminationPenalty(org.testng.ITestContext)[pri:0, instance:com.telus.rcms.tests.getTerminationPenalty.TC14_Koodo_TAB_S@588df31b]" name="testMethod_getTerminationPenalty" class="com.telus.rcms.tests.getTerminationPenalty.TC14_Koodo_TAB_S"/>
      </group> <!-- CompleteRegressionSuite -->
      <group name="Termination_TC10_Telus_DB_DF_BIB_Renewal_DB_Pay_BTP_Exchange_DB_BIB">
        <method signature="TC14_Koodo_TAB_S.testMethod_getTerminationPenalty(org.testng.ITestContext)[pri:0, instance:com.telus.rcms.tests.getTerminationPenalty.TC14_Koodo_TAB_S@588df31b]" name="testMethod_getTerminationPenalty" class="com.telus.rcms.tests.getTerminationPenalty.TC14_Koodo_TAB_S"/>
      </group> <!-- Termination_TC10_Telus_DB_DF_BIB_Renewal_DB_Pay_BTP_Exchange_DB_BIB -->
      <group name="Loyalty_Agreement_Violation">
        <method signature="TC14_Koodo_TAB_S.testMethod_getTerminationPenalty(org.testng.ITestContext)[pri:0, instance:com.telus.rcms.tests.getTerminationPenalty.TC14_Koodo_TAB_S@588df31b]" name="testMethod_getTerminationPenalty" class="com.telus.rcms.tests.getTerminationPenalty.TC14_Koodo_TAB_S"/>
      </group> <!-- Loyalty_Agreement_Violation -->
    </groups>
    <test name="Default test" duration-ms="17331" started-at="2022-08-09T03:05:05 IST" finished-at="2022-08-09T03:05:23 IST">
      <class name="com.telus.rcms.tests.getTerminationPenalty.TC14_Koodo_TAB_S">
        <test-method status="PASS" signature="BeforeMethod(org.testng.ITestContext)[pri:0, instance:com.telus.rcms.tests.getTerminationPenalty.TC14_Koodo_TAB_S@588df31b]" name="BeforeMethod" is-config="true" duration-ms="99" started-at="2022-08-09T03:05:05 IST" finished-at="2022-08-09T03:05:05 IST">
          <params>
            <param index="0">
              <value>
                <![CDATA[org.testng.TestRunner@478db956]]>
              </value>
            </param>
          </params>
          <reporter-output>
          </reporter-output>
        </test-method> <!-- BeforeMethod -->
        <test-method status="PASS" signature="testMethod_getTerminationPenalty(org.testng.ITestContext)[pri:0, instance:com.telus.rcms.tests.getTerminationPenalty.TC14_Koodo_TAB_S@588df31b]" name="testMethod_getTerminationPenalty" duration-ms="14243" started-at="2022-08-09T03:05:06 IST" finished-at="2022-08-09T03:05:20 IST">
          <params>
            <param index="0">
              <value>
                <![CDATA[org.testng.TestRunner@478db956]]>
              </value>
            </param>
          </params>
          <reporter-output>
            <line>
              <![CDATA[<div id='messageValidation' style='background-color: silver; color: black; font-size: xx-small; border: silver 2px solid; padding: 5px;'><table><tr><td style='width:85px;'>Validation</td><td>:</td><td id='message'>Extent-Report Directory [already exists]: D:\Telus\git\RCMS_Demo1\Automation-TestAuto-OE-PS-RCMS-API\target\extent-reports</td></tr></table></div><br/><br/>]]>
            </line>
            <line>
              <![CDATA[<div id='messageValidation' style='background-color: silver; color: black; font-size: xx-small; border: silver 2px solid; padding: 5px;'><table><tr><td style='width:85px;'>Validation</td><td>:</td><td id='message'>Extent-Report Directory [already exists]: D:\Telus\git\RCMS_Demo1\Automation-TestAuto-OE-PS-RCMS-API\target\extent-reports</td></tr></table></div><br/><br/>]]>
            </line>
            <line>
              <![CDATA[<div id='messageValidation' style='background-color: silver; color: black; font-size: xx-small; border: silver 2px solid; padding: 5px;'><table><tr><td style='width:85px;'>Validation</td><td>:</td><td id='message'>ExtentReport Path for WINDOWS: D:\Telus\git\RCMS_Demo1\Automation-TestAuto-OE-PS-RCMS-API\target\extent-reports
</td></tr></table></div><br/><br/>]]>
            </line>
            <line>
              <![CDATA[<div id='messageValidation' style='background-color: silver; color: black; font-size: xx-small; border: silver 2px solid; padding: 5px;'><table><tr><td style='width:85px;'>Validation</td><td>:</td><td id='message'>TestListener.createNewTestReport</td></tr></table></div><br/><br/>]]>
            </line>
            <line>
              <![CDATA[<div id='messageValidation' style='background-color: silver; color: black; font-size: xx-small; border: silver 2px solid; padding: 5px;'><table><tr><td style='width:85px;'>Validation</td><td>:</td><td id='message'>GROUP_REPORT tag property :  true</td></tr></table></div><br/><br/>]]>
            </line>
            <line>
              <![CDATA[<div id='messageValidation' style='background-color: silver; color: black; font-size: xx-small; border: silver 2px solid; padding: 5px;'><table><tr><td style='width:85px;'>Validation</td><td>:</td><td id='message'>TestListener.onTestStart</td></tr></table></div><br/><br/>]]>
            </line>
            <line>
              <![CDATA[<div id='messageValidation' style='background-color: silver; color: black; font-size: xx-small; border: silver 2px solid; padding: 5px;'><table><tr><td style='width:85px;'>Validation</td><td>:</td><td id='message'>Automation Configuration - Environment Configured for Automation Execution [PT168]</td></tr></table></div><br/><br/>]]>
            </line>
            <line>
              <![CDATA[<div id='messageValidation' style='background-color: silver; color: black; font-size: xx-small; border: silver 2px solid; padding: 5px;'><table><tr><td style='width:85px;'>Validation</td><td>:</td><td id='message'>Test Case Name : [TC14_Koodo_TAB_S]</td></tr></table></div><br/><br/>]]>
            </line>
            <line>
              <![CDATA[<div id='messageValidation' style='background-color: silver; color: black; font-size: xx-small; border: silver 2px solid; padding: 5px;'><table><tr><td style='width:85px;'>Validation</td><td>:</td><td id='message'>Test Case Description : [The purpose of this test case is to verify "TC14_Koodo_TAB_S" workflow]</td></tr></table></div><br/><br/>]]>
            </line>
            <line>
              <![CDATA[<div id='messageValidation' style='background-color: silver; color: black; font-size: xx-small; border: silver 2px solid; padding: 5px;'><table><tr><td style='width:85px;'>Validation</td><td>:</td><td id='message'>STEP ===== > OAuth2 API Call</td></tr></table></div><br/><br/>]]>
            </line>
            <line>
              <![CDATA[<div id='messageValidation' style='background-color: silver; color: black; font-size: xx-small; border: silver 2px solid; padding: 5px;'><table><tr><td style='width:85px;'>Validation</td><td>:</td><td id='message'>API Operation status: 200</td></tr></table></div><br/><br/>]]>
            </line>
            <line>
              <![CDATA[<div id='messageValidation' style='background-color: silver; color: black; font-size: xx-small; border: silver 2px solid; padding: 5px;'><table><tr><td style='width:85px;'>Validation</td><td>:</td><td id='message'>ACCESS_TOKEN FOR VIOLATION SERVICE: eyJhbGciOiJSUzI1NiIsImtpZCI6ImNhZGZhMTYyLTU2YzEtNGRiOS1hNjNmLTYwZTM3NzIwMWJkZiIsInBpLmF0bSI6IjMifQ.eyJzY29wZSI6WyIxMjciLCIxOTE0Il0sImNsaWVudF9pZCI6ImJlYWIyNjljLWU2MTgtNDE5Yy04NjBiLTc1ODVmMzE4MGQ0OCIsImlzcyI6Imh0dHBzOi8vdGVhbXNzby1pdHMwNC50ZWx1cy5jb20iLCJhdWQiOiJrb25nIiwiaWF0IjoxNjU5OTk0NjQ4LCJleHAiOjE2NTk5OTQ5NDh9.HqQBHMxcvm60WiexBM0cmx1_140juOMwAUXCu1-H6jASUqq785uk9Mq_7mOSBwGilLXAlJ4sTE1N3r9HXJUcJevBXJxJUfcybUouJxVsfI9kI2lNvCNe-YwxCdEiikzP8VvSWegTTo1cg4V5NLWZquN4wUkBb70yIw7ZzYwcSlfFRS6BzpNC9shGf5sjeqMUTv6ZT9WPmBaOyDnJirLNdWlvL-VjEUeM_1WAdT2KnJMgo0T9gjEfbcjnkoIGGPIPH6C0AlV2Xvr1es2uQrKWsHK1CLeJ4nYcpbX7sPp_M8ALHQGe9BnYkPZ2bXeYeXfOaANuEuReFdRIslcAJWvM5Q</td></tr></table></div><br/><br/>]]>
            </line>
            <line>
              <![CDATA[<div id='messageValidation' style='background-color: silver; color: black; font-size: xx-small; border: silver 2px solid; padding: 5px;'><table><tr><td style='width:85px;'>Validation</td><td>:</td><td id='message'>API Test Env is : [it01]</td></tr></table></div><br/><br/>]]>
            </line>
            <line>
              <![CDATA[<div id='messageValidation' style='background-color: silver; color: black; font-size: xx-small; border: silver 2px solid; padding: 5px;'><table><tr><td style='width:85px;'>Validation</td><td>:</td><td id='message'>------------CR DB connected successfully------------</td></tr></table></div><br/><br/>]]>
            </line>
            <line>
              <![CDATA[<div id='messageValidation' style='background-color: silver; color: black; font-size: xx-small; border: silver 2px solid; padding: 5px;'><table><tr><td style='width:85px;'>Validation</td><td>:</td><td id='message'>Exisiting Subscription ID is : [8385182]</td></tr></table></div><br/><br/>]]>
            </line>
            <line>
              <![CDATA[<div id='messageValidation' style='background-color: silver; color: black; font-size: xx-small; border: silver 2px solid; padding: 5px;'><table><tr><td style='width:85px;'>Validation</td><td>:</td><td id='message'>API Test Env is : [it01]</td></tr></table></div><br/><br/>]]>
            </line>
            <line>
              <![CDATA[<div id='messageValidation' style='background-color: silver; color: black; font-size: xx-small; border: silver 2px solid; padding: 5px;'><table><tr><td style='width:85px;'>Validation</td><td>:</td><td id='message'>API Operation status: 201</td></tr></table></div><br/><br/>]]>
            </line>
            <line>
              <![CDATA[<div id='messageValidation' style='background-color: silver; color: black; font-size: xx-small; border: silver 2px solid; padding: 5px;'><table><tr><td style='width:85px;'>Validation</td><td>:</td><td id='message'>API Operation Request: {href=940a450d-c3ca-4439-bea9-60b89679ca5a, date=2022-08-08T17:37:33-0400, sla={id=Termination}, violation={referenceValue=TLC, consequence=[{"type":"Charge","characteristic":[{"name":"adjustmentAmt","value":"0.0"}],"billingCode":"TABBCA","billingReversalCode":"ATABCA","loyaltyType":"TAB","amount":239.35,"typeCode":"TABDB"}], comment=[{"locale":"EN_CA","description":"Tab repayment charge"},{"locale":"FR_CA","description":"Remboursement de la Balance"}]}, relatedParty=[{"id":"8385182","role":"SUBSCRIPTION"}]}</td></tr></table></div><br/><br/>]]>
            </line>
            <line>
              <![CDATA[<div id='messageValidation' style='background-color: silver; color: black; font-size: xx-small; border: silver 2px solid; padding: 5px;'><table><tr><td style='width:85px;'>Validation</td><td>:</td><td id='message'>------------DB connected successfully------------</td></tr></table></div><br/><br/>]]>
            </line>
            <line>
              <![CDATA[<div id='messageValidation' style='background-color: silver; color: black; font-size: xx-small; border: silver 2px solid; padding: 5px;'><table><tr><td style='width:85px;'>Validation</td><td>:</td><td id='message'>Pretty Payload: {href:940a450d-c3ca-4439-bea9-60b89679ca5a, date:2022-08-08T17:37:33-0400, sla:{id:Termination}, violation:{referenceValue:TLC, consequence:[{"type":"Charge","characteristic":[{"name":"adjustmentAmt","value":"0.0"}],"billingCode":"TABBCA","billingReversalCode":"ATABCA","loyaltyType":"TAB","amount":239.35,"typeCode":"TABDB"}], comment:[{"locale":"EN_CA","description":"Tab repayment charge"},{"locale":"FR_CA","description":"Remboursement de la Balance"}]}, relatedParty:[{"id":"8385182","role":"SUBSCRIPTION"}]}</td></tr></table></div><br/><br/>]]>
            </line>
            <line>
              <![CDATA[<div id='messageValidation' style='background-color: silver; color: black; font-size: xx-small; border: silver 2px solid; padding: 5px;'><table><tr><td style='width:85px;'>Validation</td><td>:</td><td id='message'>Expected Value is : not null , Actual Value From HREF is: [940a450d-c3ca-4439-bea9-60b89679ca5a], VALIDATION : [SUCCESSFUL]</td></tr></table></div><br/><br/>]]>
            </line>
            <line>
              <![CDATA[<div id='messageValidation' style='background-color: silver; color: black; font-size: xx-small; border: silver 2px solid; padding: 5px;'><table><tr><td style='width:85px;'>Validation</td><td>:</td><td id='message'>Expected Value is: [Termination], Actual Value for - SLAID is: [Termination], VALIDATION : [SUCCESSFUL]</td></tr></table></div><br/><br/>]]>
            </line>
            <line>
              <![CDATA[<div id='messageValidation' style='background-color: silver; color: black; font-size: xx-small; border: silver 2px solid; padding: 5px;'><table><tr><td style='width:85px;'>Validation</td><td>:</td><td id='message'>Expected Value is: [2022-08-08], Actual Value From DB Column - DATE is: [2022-08-08], VALIDATION : [SUCCESSFUL]</td></tr></table></div><br/><br/>]]>
            </line>
            <line>
              <![CDATA[<div id='messageValidation' style='background-color: silver; color: black; font-size: xx-small; border: silver 2px solid; padding: 5px;'><table><tr><td style='width:85px;'>Validation</td><td>:</td><td id='message'>---Consequence Item No =1 : TAB</td></tr></table></div><br/><br/>]]>
            </line>
            <line>
              <![CDATA[<div id='messageValidation' style='background-color: silver; color: black; font-size: xx-small; border: silver 2px solid; padding: 5px;'><table><tr><td style='width:85px;'>Validation</td><td>:</td><td id='message'>Expected Value is : not null , Actual Value From VIOLATION_REF_VALUE is: [TLC], VALIDATION : [SUCCESSFUL]</td></tr></table></div><br/><br/>]]>
            </line>
            <line>
              <![CDATA[<div id='messageValidation' style='background-color: silver; color: black; font-size: xx-small; border: silver 2px solid; padding: 5px;'><table><tr><td style='width:85px;'>Validation</td><td>:</td><td id='message'>Expected Value is: [Charge], Actual Value for - TYPE is: [Charge], VALIDATION : [SUCCESSFUL]</td></tr></table></div><br/><br/>]]>
            </line>
            <line>
              <![CDATA[<div id='messageValidation' style='background-color: silver; color: black; font-size: xx-small; border: silver 2px solid; padding: 5px;'><table><tr><td style='width:85px;'>Validation</td><td>:</td><td id='message'>Expected Value is: [0], Actual Value for - ADJUSTMENT_AMT is: [0], VALIDATION : [SUCCESSFUL]</td></tr></table></div><br/><br/>]]>
            </line>
            <line>
              <![CDATA[<div id='messageValidation' style='background-color: silver; color: black; font-size: xx-small; border: silver 2px solid; padding: 5px;'><table><tr><td style='width:85px;'>Validation</td><td>:</td><td id='message'>Expected Value is: [TABBCA], Actual Value for - BILLING CODE is: [TABBCA], VALIDATION : [SUCCESSFUL]</td></tr></table></div><br/><br/>]]>
            </line>
            <line>
              <![CDATA[<div id='messageValidation' style='background-color: silver; color: black; font-size: xx-small; border: silver 2px solid; padding: 5px;'><table><tr><td style='width:85px;'>Validation</td><td>:</td><td id='message'>Expected Value is: [ATABCA], Actual Value for - BILLING REVERSAL CODE is: [ATABCA], VALIDATION : [SUCCESSFUL]</td></tr></table></div><br/><br/>]]>
            </line>
            <line>
              <![CDATA[<div id='messageValidation' style='background-color: silver; color: black; font-size: xx-small; border: silver 2px solid; padding: 5px;'><table><tr><td style='width:85px;'>Validation</td><td>:</td><td id='message'>Expected Value is: [TABDB], Actual Value for - TYPE CODE is: [TABDB], VALIDATION : [SUCCESSFUL]</td></tr></table></div><br/><br/>]]>
            </line>
            <line>
              <![CDATA[<div id='messageValidation' style='background-color: silver; color: black; font-size: xx-small; border: silver 2px solid; padding: 5px;'><table><tr><td style='width:85px;'>Validation</td><td>:</td><td id='message'>Expected Value is: [EN_CA], Actual Value for - COMMENT_0 is: [EN_CA], VALIDATION : [SUCCESSFUL]</td></tr></table></div><br/><br/>]]>
            </line>
            <line>
              <![CDATA[<div id='messageValidation' style='background-color: silver; color: black; font-size: xx-small; border: silver 2px solid; padding: 5px;'><table><tr><td style='width:85px;'>Validation</td><td>:</td><td id='message'>Expected Value is: [FR_CA], Actual Value for - COMMENT_1 is: [FR_CA], VALIDATION : [SUCCESSFUL]</td></tr></table></div><br/><br/>]]>
            </line>
            <line>
              <![CDATA[<div id='messageValidation' style='background-color: silver; color: black; font-size: xx-small; border: silver 2px solid; padding: 5px;'><table><tr><td style='width:85px;'>Validation</td><td>:</td><td id='message'>--------------------DB Validation Completed--------------------</td></tr></table></div><br/><br/>]]>
            </line>
            <line>
              <![CDATA[<div id='messageValidation' style='background-color: silver; color: black; font-size: xx-small; border: silver 2px solid; padding: 5px;'><table><tr><td style='width:85px;'>Validation</td><td>:</td><td id='message'>TestListener.onTestSuccess</td></tr></table></div><br/><br/>]]>
            </line>
            <line>
              <![CDATA[<div id='messageValidation' style='background-color: silver; color: black; font-size: xx-small; border: silver 2px solid; padding: 5px;'><table><tr><td style='width:85px;'>Validation</td><td>:</td><td id='message'>JIRA - Skipping Jira Update as Toggle it's false</td></tr></table></div><br/><br/>]]>
            </line>
          </reporter-output>
        </test-method> <!-- testMethod_getTerminationPenalty -->
        <test-method status="PASS" signature="afterTest()[pri:0, instance:com.telus.rcms.tests.getTerminationPenalty.TC14_Koodo_TAB_S@588df31b]" name="afterTest" is-config="true" duration-ms="2927" started-at="2022-08-09T03:05:20 IST" finished-at="2022-08-09T03:05:23 IST">
          <reporter-output>
            <line>
              <![CDATA[<div id='messageValidation' style='background-color: silver; color: black; font-size: xx-small; border: silver 2px solid; padding: 5px;'><table><tr><td style='width:85px;'>Validation</td><td>:</td><td id='message'>DB Disconnected successfully</td></tr></table></div><br/><br/>]]>
            </line>
            <line>
              <![CDATA[<div id='messageValidation' style='background-color: silver; color: black; font-size: xx-small; border: silver 2px solid; padding: 5px;'><table><tr><td style='width:85px;'>Validation</td><td>:</td><td id='message'>closeTheBrowser</td></tr></table></div><br/><br/>]]>
            </line>
            <line>
              <![CDATA[<div id='messageValidation' style='background-color: silver; color: black; font-size: xx-small; border: silver 2px solid; padding: 5px;'><table><tr><td style='width:85px;'>Validation</td><td>:</td><td id='message'>Browser to be utilized: CHROME</td></tr></table></div><br/><br/>]]>
            </line>
            <line>
              <![CDATA[<div id='messageValidation' style='background-color: silver; color: black; font-size: xx-small; border: silver 2px solid; padding: 5px;'><table><tr><td style='width:85px;'>Validation</td><td>:</td><td id='message'>
BROWSER will use the OPTIONS profile: P_ACCEPT_BEHAVIORS_AND_CERTIFICATES</td></tr></table></div><br/><br/>]]>
            </line>
            <line>
              <![CDATA[<div id='messageValidation' style='background-color: silver; color: black; font-size: xx-small; border: silver 2px solid; padding: 5px;'><table><tr><td style='width:85px;'>Validation</td><td>:</td><td id='message'>INFO! The Driver settings are loaded using the LATEST Strategy</td></tr></table></div><br/><br/>]]>
            </line>
            <line>
              <![CDATA[<div id='messageValidation' style='background-color: silver; color: black; font-size: xx-small; border: silver 2px solid; padding: 5px;'><table><tr><td style='width:85px;'>Validation</td><td>:</td><td id='message'>webDriver - Session ID saved to MAP</td></tr></table></div><br/><br/>]]>
            </line>
            <line>
              <![CDATA[<div id='messageValidation' style='background-color: silver; color: black; font-size: xx-small; border: silver 2px solid; padding: 5px;'><table><tr><td style='width:85px;'>Validation</td><td>:</td><td id='message'>WebDriver - Session ID removed from MAP-Calling_From-WebDriverSteps.removeThreatIdFromMap</td></tr></table></div><br/><br/>]]>
            </line>
          </reporter-output>
        </test-method> <!-- afterTest -->
      </class> <!-- com.telus.rcms.tests.getTerminationPenalty.TC14_Koodo_TAB_S -->
    </test> <!-- Default test -->
  </suite> <!-- Default suite -->
</testng-results>
